

 << Logging of terminal I/O resumes >> 

23.250000;


 << Logging of terminal I/O resumes >> 



 << Logging of terminal I/O resumes >> 



 << Logging of terminal I/O resumes >> 

23.250000;
23.187500;
23.187500;
23.250000;
23.187500;
23.187500;
23.125000;
23.187500;
23.187500;
53.687500;
68.687500;
47.687500;
37.187500;
31.81250

 << Logging of terminal I/O resumes >> 

0.24;
0.2

 << Logging of terminal I/O resumes >> 

0;


 << Logging of terminal I/O resumes >> 

0;
0;

 << Logging of terminal I/O resumes >> 



 << Logging of terminal I/O resumes >> 

1) 0,23;
2) 0,

 << Logging of terminal I/O resumes >> 

1) 0,23,0;


 << Logging of terminal I/O resumes >> 

23.25;
23.25;
23.25;
23.25;
72.25;
52.00;
41.44;


 << Logging of terminal I/O resumes >> 



 << Logging of terminal I/O resumes >> 



 << Logging of terminal I/O resumes >> 



 << Logging of terminal I/O resumes >> 



 << Logging of terminal I/O resumes >> 



 << Logging of terminal I/O resumes >> 

23.312500;
23.31

 << Logging of terminal I/O resumes >> 

23.38;
23.38;
23.38;
23.38;
23

 << Logging of terminal I/O resumes >> 

30.56;
30.56;
30.56;
30.56;
30.56;
30.56;
30.56;
30.56;
30.56;
30.56;
30.56;


 << Logging of terminal I/O resumes >> 

23.69;
57.00;
99.94;
113.38;
90.13;
86.44;
83.13;
79.94;
77.06;
74.38;
71.88;
69.56;
67.38;
65.38;
63.44;
61.69;
60.06;
58.50;
57.00;
55.56;
54.25;
53.00;
51.81;
50.69;
49.69;
48.63;
47.69;
46.75;
45.88;
45.06;
44.31;
43.56;
42.81;
42.19;
41.56;
40.94;
40.31;
39.75;
39.19;
38.69;
38.19;
37.69;
37.19;
36.75;
36.31;
35.88;
35.50;
35.13;
34.75;
34.44;
34.06;
33.75;
33.44;
33.19;
32.88;
32.63;
32.38;
32.13;
31.88;
31.63;
31.38;
31.19;
30.94;
30.75;


 << Logging of terminal I/O resumes >> 



 << Logging of terminal I/O resumes >> 



 << Logging of terminal I/O resumes >> 

23.38;
78.25;
75.94;
89.56;
102.25;
103.19;
115.25;
127.94;
127.94;
125.19;
123.31;
127.94;
127.94;
127.94;
127.94;
127.94;
127.94;
123.56;
119.00;
114.56;
110.38;
106.38;
102.56;
99.00;
95.56;
92.38;
89.25;
86.31;
83.50;
80.94;
78.44;
76.06;
73.81;
71.69;
69.69;
67.75;
66.00;
64.31;
62.75;
61.19;
59.75;
58.38;
57.06;
55.81;
54.63;
53.50;
52.44;
51.44;
50.44;
49.50;
48.56;
47.69;
46.81;
46.00;
45.19;
44.38;
43.56;
42.88;
42.19;
41.50;
40.94;
40.25;
39.69;
39.13;
38.56;
38.13;
37.69;
37.25;
36.81;
36.38;
36.00;
35.63;
35.25;
34.94;
34.63;
34.31;
34.00;
33.75;
33.44;
33.19;
32.94;
32.69;
32.44;
32.19;
32.00;
31.75;
31.50;
31.31;
31.13;
30.88;
30.75;
30.50;
30.38;
30.19;
30.00;
29.88;
29.69;
29.56;
29.38;
29.19;
29.06;
28.94;
28.75;
28.63;
28.44;
28.38;
28.25;
28.13;
28.00;
27.88;
27.75;
27.63;
27.56;
27.44;
27.38;
27.31;
27.19;
27.13;
27.06;
26.94;
26.88;
26.81;
26.75;
26.69;
26.63;
26.50;
26.50;
26.38;


 << Logging of terminal I/O resumes >> 



 << Logging of terminal I/O resumes >> 



 << Logging of terminal I/O resumes >> 



 << Logging of terminal I/O resumes >> 



 << Logging of terminal I/O resumes >> 



 << Logging of terminal I/O resumes >> 



 << Logging of terminal I/O resumes >> 



 << Logging of terminal I/O resumes >> 



 << Logging of terminal I/O resumes >> 



 << Logging of terminal I/O resumes >> 



 << Logging of terminal I/O resumes >> 



 << Logging of terminal I/O resumes >> 



 << Logging of terminal I/O resumes >> 



 << Logging of terminal I/O resumes >> 



 << Logging of terminal I/O resumes >> 



 << Logging of terminal I/O resumes >> 



 << Logging of terminal I/O resumes >> 



 << Logging of terminal I/O resumes >> 



 << Logging of terminal I/O resumes >> 



 << Logging of terminal I/O resumes >> 



 << Logging of terminal I/O resumes >> 



 << Logging of terminal I/O resumes >> 



 << Logging of terminal I/O resumes >> 



 << Logging of terminal I/O resumes >> 



 << Logging of terminal I/O resumes >> 



 << Logging of terminal I/O resumes >> 



 << Logging of terminal I/O resumes >> 



 << Logging of terminal I/O resumes >> 



 << Logging of terminal I/O resumes >> 



 << Logging of terminal I/O resumes >> 



 << Logging of terminal I/O resumes >> 



 << Logging of terminal I/O resumes >> 



 << Logging of terminal I/O resumes >> 



 << Logging of terminal I/O resumes >> 



 << Logging of terminal I/O resumes >> 



 << Logging of terminal I/O resumes >> 



 << Logging of terminal I/O resumes >> 



 << Logging of terminal I/O resumes >> 



 << Logging of terminal I/O resumes >> 



 << Logging of terminal I/O resumes >> 



 << Logging of terminal I/O resumes >> 



 << Logging of terminal I/O resumes >> 



 << Logging of terminal I/O resumes >> 



 << Logging of terminal I/O resumes >> 



 << Logging of terminal I/O resumes >> 



 << Logging of terminal I/O resumes >> 



 << Logging of terminal I/O resumes >> 



 << Logging of terminal I/O resumes >> 



 << Logging of terminal I/O resumes >> 



 << Logging of terminal I/O resumes >> 



 << Logging of terminal I/O resumes >> 



 << Logging of terminal I/O resumes >> 



 << Logging of terminal I/O resumes >> 



 << Logging of terminal I/O resumes >> 



 << Logging of terminal I/O resumes >> 



 << Logging of terminal I/O resumes >> 



 << Logging of terminal I/O resumes >> 



 << Logging of terminal I/O resumes >> 



 << Logging of terminal I/O resumes >> 



 << Logging of terminal I/O resumes >> 



 << Logging of terminal I/O resumes >> 



 << Logging of terminal I/O resumes >> 



 << Logging of terminal I/O resumes >> 



 << Logging of terminal I/O resumes >> 



 << Logging of terminal I/O resumes >> 



 << Logging of terminal I/O resumes >> 



 << Logging of terminal I/O resumes >> 



 << Logging of terminal I/O resumes >> 



 << Logging of terminal I/O resumes >> 



 << Logging of terminal I/O resumes >> 



 << Logging of terminal I/O resumes >> 



 << Logging of terminal I/O resumes >> 



 << Logging of terminal I/O resumes >> 



 << Logging of terminal I/O resumes >> 



 << Logging of terminal I/O resumes >> 



 << Logging of terminal I/O resumes >> 



 << Logging of terminal I/O resumes >> 



 << Logging of terminal I/O resumes >> 



 << Logging of terminal I/O resumes >> 



 << Logging of terminal I/O resumes >> 



 << Logging of terminal I/O resumes >> 



 << Logging of terminal I/O resumes >> 



 << Logging of terminal I/O resumes >> 



 << Logging of terminal I/O resumes >> 



 << Logging of terminal I/O resumes >> 



 << Logging of terminal I/O resumes >> 



 << Logging of terminal I/O resumes >> 



 << Logging of terminal I/O resumes >> 



 << Logging of terminal I/O resumes >> 



 << Logging of terminal I/O resumes >> 



 << Logging of terminal I/O resumes >> 



 << Logging of terminal I/O resumes >> 



 << Logging of terminal I/O resumes >> 



 << Logging of terminal I/O resumes >> 



 << Logging of terminal I/O resumes >> 



 << Logging of terminal I/O resumes >> 



 << Logging of terminal I/O resumes >> 



 << Logging of terminal I/O resumes >> 



 << Logging of terminal I/O resumes >> 



 << Logging of terminal I/O resumes >> 



 << Logging of terminal I/O resumes >> 



 << Logging of terminal I/O resumes >> 



 << Logging of terminal I/O resumes >> 



 << Logging of terminal I/O resumes >> 



 << Logging of terminal I/O resumes >> 



 << Logging of terminal I/O resumes >> 



 << Logging of terminal I/O resumes >> 



 << Logging of terminal I/O resumes >> 



 << Logging of terminal I/O resumes >> 



 << Logging of terminal I/O resumes >> 



 << Logging of terminal I/O resumes >> 



 << Logging of terminal I/O resumes >> 



 << Logging of terminal I/O resumes >> 



 << Logging of terminal I/O resumes >> 



 << Logging of terminal I/O resumes >> 



 << Logging of terminal I/O resumes >> 



 << Logging of terminal I/O resumes >> 



 << Logging of terminal I/O resumes >> 



 << Logging of terminal I/O resumes >> 



 << Logging of terminal I/O resumes >> 



 << Logging of terminal I/O resumes >> 



 << Logging of terminal I/O resumes >> 



 << Logging of terminal I/O resumes >> 



 << Logging of terminal I/O resumes >> 



 << Logging of terminal I/O resumes >> 



 << Logging of terminal I/O resumes >> 



 << Logging of terminal I/O resumes >> 



 << Logging of terminal I/O resumes >> 



 << Logging of terminal I/O resumes >> 



 << Logging of terminal I/O resumes >> 



 << Logging of terminal I/O resumes >> 



 << Logging of terminal I/O resumes >> 



 << Logging of terminal I/O resumes >> 



 << Logging of terminal I/O resumes >> 



 << Logging of terminal I/O resumes >> 



 << Logging of terminal I/O resumes >> 



 << Logging of terminal I/O resumes >> 



 << Logging of terminal I/O resumes >> 



 << Logging of terminal I/O resumes >> 



 << Logging of terminal I/O resumes >> 



 << Logging of terminal I/O resumes >> 



 << Logging of terminal I/O resumes >> 



 << Logging of terminal I/O resumes >> 



 << Logging of terminal I/O resumes >> 



 << Logging of terminal I/O resumes >> 



 << Logging of terminal I/O resumes >> 



 << Logging of terminal I/O resumes >> 



 << Logging of terminal I/O resumes >> 



 << Logging of terminal I/O resumes >> 



 << Logging of terminal I/O resumes >> 



 << Logging of terminal I/O resumes >> 



 << Logging of terminal I/O resumes >> 



 << Logging of terminal I/O resumes >> 



 << Logging of terminal I/O resumes >> 



 << Logging of terminal I/O resumes >> 



 << Logging of terminal I/O resumes >> 



 << Logging of terminal I/O resumes >> 



 << Logging of terminal I/O resumes >> 



 << Logging of terminal I/O resumes >> 



 << Logging of terminal I/O resumes >> 



 << Logging of terminal I/O resumes >> 



 << Logging of terminal I/O resumes >> 



 << Logging of terminal I/O resumes >> 



 << Logging of terminal I/O resumes >> 



 << Logging of terminal I/O resumes >> 



 << Logging of terminal I/O resumes >> 



 << Logging of terminal I/O resumes >> 



 << Logging of terminal I/O resumes >> 



 << Logging of terminal I/O resumes >> 



 << Logging of terminal I/O resumes >> 



 << Logging of terminal I/O resumes >> 



 << Logging of terminal I/O resumes >> 



 << Logging of terminal I/O resumes >> 



 << Logging of terminal I/O resumes >> 



 << Logging of terminal I/O resumes >> 



 << Logging of terminal I/O resumes >> 



 << Logging of terminal I/O resumes >> 



 << Logging of terminal I/O resumes >> 



 << Logging of terminal I/O resumes >> 



 << Logging of terminal I/O resumes >> 



 << Logging of terminal I/O resumes >> 



 << Logging of terminal I/O resumes >> 



 << Logging of terminal I/O resumes >> 



 << Logging of terminal I/O resumes >> 



 << Logging of terminal I/O resumes >> 



 << Logging of terminal I/O resumes >> 



 << Logging of terminal I/O resumes >> 



 << Logging of terminal I/O resumes >> 



 << Logging of terminal I/O resumes >> 



 << Logging of terminal I/O resumes >> 



 << Logging of terminal I/O resumes >> 



 << Logging of terminal I/O resumes >> 



 << Logging of terminal I/O resumes >> 



 << Logging of terminal I/O resumes >> 



 << Logging of terminal I/O resumes >> 



 << Logging of terminal I/O resumes >> 



 << Logging of terminal I/O resumes >> 



 << Logging of terminal I/O resumes >> 



 << Debugger has been reset >> 



 << Logging of terminal I/O resumes >> 



 << Logging of terminal I/O resumes >> 



 << Logging of terminal I/O resumes >> 



 << Logging of terminal I/O resumes >> 



 << Logging of terminal I/O resumes >> 



 << Logging of terminal I/O resumes >> 



 << Logging of terminal I/O resumes >> 



 << Logging of terminal I/O resumes >> 



 << Logging of terminal I/O resumes >> 



 << Logging of terminal I/O resumes >> 



 << Logging of terminal I/O resumes >> 



 << Logging of terminal I/O resumes >> 



 << Logging of terminal I/O resumes >> 



 << Logging of terminal I/O resumes >> 



 << Logging of terminal I/O resumes >> 



 << Logging of terminal I/O resumes >> 



 << Logging of terminal I/O resumes >> 



 << Logging of terminal I/O resumes >> 



 << Logging of terminal I/O resumes >> 



 << Logging of terminal I/O resumes >> 



 << Logging of terminal I/O resumes >> 



 << Logging of terminal I/O resumes >> 



 << Logging of terminal I/O resumes >> 



 << Logging of terminal I/O resumes >> 



 << Logging of terminal I/O resumes >> 



 << Logging of terminal I/O resumes >> 



 << Logging of terminal I/O resumes >> 



 << Logging of terminal I/O resumes >> 



 << Logging of terminal I/O resumes >> 



 << Logging of terminal I/O resumes >> 



 << Logging of terminal I/O resumes >> 



 << Logging of terminal I/O resumes >> 



 << Logging of terminal I/O resumes >> 



 << Logging of terminal I/O resumes >> 



 << Logging of terminal I/O resumes >> 



 << Logging of terminal I/O resumes >> 



 << Logging of terminal I/O resumes >> 



 << Logging of terminal I/O resumes >> 



 << Logging of terminal I/O resumes >> 



 << Logging of terminal I/O resumes >> 



 << Logging of terminal I/O resumes >> 



 << Logging of terminal I/O resumes >> 



 << Logging of terminal I/O resumes >> 



 << Logging of terminal I/O resumes >> 



 << Logging of terminal I/O resumes >> 



 << Logging of terminal I/O resumes >> 



 << Logging of terminal I/O resumes >> 



 << Logging of terminal I/O resumes >> 



 << Logging of terminal I/O resumes >> 



 << Logging of terminal I/O resumes >> 



 << Logging of terminal I/O resumes >> 



 << Logging of terminal I/O resumes >> 



 << Logging of terminal I/O resumes >> 



 << Logging of terminal I/O resumes >> 



 << Debugger has been reset >> 



 << Logging of terminal I/O resumes >> 



 << Logging of terminal I/O resumes >> 



 << Logging of terminal I/O resumes >> 



 << Logging of terminal I/O resumes >> 



 << Logging of terminal I/O resumes >> 



 << Logging of terminal I/O resumes >> 



 << Logging of terminal I/O resumes >> 



 << Logging of terminal I/O resumes >> 



 << Logging of terminal I/O resumes >> 



 << Logging of terminal I/O resumes >> 



 << Logging of terminal I/O resumes >> 



 << Logging of terminal I/O resumes >> 



 << Logging of terminal I/O resumes >> 



 << Logging of terminal I/O resumes >> 



 << Logging of terminal I/O resumes >> 



 << Logging of terminal I/O resumes >> 



 << Logging of terminal I/O resumes >> 



 << Logging of terminal I/O resumes >> 



 << Logging of terminal I/O resumes >> 



 << Logging of terminal I/O resumes >> 



 << Logging of terminal I/O resumes >> 



 << Logging of terminal I/O resumes >> 



 << Logging of terminal I/O resumes >> 



 << Logging of terminal I/O resumes >> 



 << Logging of terminal I/O resumes >> 



 << Logging of terminal I/O resumes >> 



 << Logging of terminal I/O resumes >> 



 << Logging of terminal I/O resumes >> 



 << Logging of terminal I/O resumes >> 



 << Logging of terminal I/O resumes >> 



 << Logging of terminal I/O resumes >> 



 << Logging of terminal I/O resumes >> 



 << Logging of terminal I/O resumes >> 



 << Logging of terminal I/O resumes >> 



 << Logging of terminal I/O resumes >> 



 << Logging of terminal I/O resumes >> 



 << Logging of terminal I/O resumes >> 



 << Logging of terminal I/O resumes >> 



 << Logging of terminal I/O resumes >> 



 << Logging of terminal I/O resumes >> 



 << Logging of terminal I/O resumes >> 



 << Logging of terminal I/O resumes >> 



 << Logging of terminal I/O resumes >> 



 << Logging of terminal I/O resumes >> 



 << Logging of terminal I/O resumes >> 



 << Logging of terminal I/O resumes >> 



 << Logging of terminal I/O resumes >> 



 << Logging of terminal I/O resumes >> 



 << Logging of terminal I/O resumes >> 



 << Logging of terminal I/O resumes >> 



 << Logging of terminal I/O resumes >> 



 << Logging of terminal I/O resumes >> 



 << Logging of terminal I/O resumes >> 



 << Logging of terminal I/O resumes >> 



 << Logging of terminal I/O resumes >> 



 << Logging of terminal I/O resumes >> 



 << Logging of terminal I/O resumes >> 



 << Logging of terminal I/O resumes >> 



 << Logging of terminal I/O resumes >> 



 << Logging of terminal I/O resumes >> 



 << Logging of terminal I/O resumes >> 



 << Logging of terminal I/O resumes >> 



 << Logging of terminal I/O resumes >> 



 << Logging of terminal I/O resumes >> 



 << Logging of terminal I/O resumes >> 



 << Logging of terminal I/O resumes >> 



 << Logging of terminal I/O resumes >> 



 << Logging of terminal I/O resumes >> 



 << Logging of terminal I/O resumes >> 



 << Logging of terminal I/O resumes >> 



 << Logging of terminal I/O resumes >> 



 << Logging of terminal I/O resumes >> 



 << Logging of terminal I/O resumes >> 



 << Logging of terminal I/O resumes >> 



 << Logging of terminal I/O resumes >> 



 << Logging of terminal I/O resumes >> 



 << Logging of terminal I/O resumes >> 



 << Logging of terminal I/O resumes >> 



 << Logging of terminal I/O resumes >> 



 << Logging of terminal I/O resumes >> 



 << Logging of terminal I/O resumes >> 



 << Logging of terminal I/O resumes >> 



 << Logging of terminal I/O resumes >> 



 << Logging of terminal I/O resumes >> 



 << Logging of terminal I/O resumes >> 



 << Logging of terminal I/O resumes >> 



 << Logging of terminal I/O resumes >> 



 << Logging of terminal I/O resumes >> 



 << Logging of terminal I/O resumes >> 



 << Logging of terminal I/O resumes >> 



 << Logging of terminal I/O resumes >> 



 << Logging of terminal I/O resumes >> 



 << Logging of terminal I/O resumes >> 



 << Logging of terminal I/O resumes >> 



 << Logging of terminal I/O resumes >> 



 << Logging of terminal I/O resumes >> 



 << Logging of terminal I/O resumes >> 



 << Logging of terminal I/O resumes >> 



 << Logging of terminal I/O resumes >> 



 << Logging of terminal I/O resumes >> 



 << Logging of terminal I/O resumes >> 



 << Logging of terminal I/O resumes >> 



 << Logging of terminal I/O resumes >> 



 << Logging of terminal I/O resumes >> 



 << Logging of terminal I/O resumes >> 



 << Logging of terminal I/O resumes >> 



 << Logging of terminal I/O resumes >> 



 << Logging of terminal I/O resumes >> 



 << Logging of terminal I/O resumes >> 



 << Logging of terminal I/O resumes >> 



 << Logging of terminal I/O resumes >> 



 << Logging of terminal I/O resumes >> 



 << Logging of terminal I/O resumes >> 



 << Logging of terminal I/O resumes >> 



 << Logging of terminal I/O resumes >> 



 << Logging of terminal I/O resumes >> 



 << Logging of terminal I/O resumes >> 



 << Logging of terminal I/O resumes >> 



 << Logging of terminal I/O resumes >> 



 << Logging of terminal I/O resumes >> 



 << Logging of terminal I/O resumes >> 



 << Logging of terminal I/O resumes >> 



 << Logging of terminal I/O resumes >> 



 << Logging of terminal I/O resumes >> 



 << Logging of terminal I/O resumes >> 



 << Logging of terminal I/O resumes >> 



 << Logging of terminal I/O resumes >> 



 << Logging of terminal I/O resumes >> 



 << Logging of terminal I/O resumes >> 



 << Logging of terminal I/O resumes >> 



 << Logging of terminal I/O resumes >> 



 << Logging of terminal I/O resumes >> 



 << Logging of terminal I/O resumes >> 



 << Logging of terminal I/O resumes >> 



 << Logging of terminal I/O resumes >> 



 << Logging of terminal I/O resumes >> 



 << Logging of terminal I/O resumes >> 



 << Logging of terminal I/O resumes >> 



 << Logging of terminal I/O resumes >> 



 << Logging of terminal I/O resumes >> 



 << Logging of terminal I/O resumes >> 



 << Logging of terminal I/O resumes >> 



 << Logging of terminal I/O resumes >> 



 << Logging of terminal I/O resumes >> 



 << Logging of terminal I/O resumes >> 



 << Logging of terminal I/O resumes >> 



 << Logging of terminal I/O resumes >> 



 << Logging of terminal I/O resumes >> 



 << Logging of terminal I/O resumes >> 



 << Logging of terminal I/O resumes >> 



 << Logging of terminal I/O resumes >> 



 << Logging of terminal I/O resumes >> 



 << Logging of terminal I/O resumes >> 



 << Logging of terminal I/O resumes >> 



 << Logging of terminal I/O resumes >> 



 << Logging of terminal I/O resumes >> 



 << Logging of terminal I/O resumes >> 



 << Logging of terminal I/O resumes >> 



 << Logging of terminal I/O resumes >> 



 << Logging of terminal I/O resumes >> 



 << Logging of terminal I/O resumes >> 



 << Logging of terminal I/O resumes >> 



 << Logging of terminal I/O resumes >> 



 << Logging of terminal I/O resumes >> 



 << Logging of terminal I/O resumes >> 



 << Logging of terminal I/O resumes >> 



 << Logging of terminal I/O resumes >> 



 << Logging of terminal I/O resumes >> 



 << Debugger has been reset >> 



 << Logging of terminal I/O resumes >> 



 << Logging of terminal I/O resumes >> 



 << Logging of terminal I/O resumes >> 



 << Logging of terminal I/O resumes >> 



 << Logging of terminal I/O resumes >> 



 << Logging of terminal I/O resumes >> 



 << Logging of terminal I/O resumes >> 



 << Logging of terminal I/O resumes >> 



 << Logging of terminal I/O resumes >> 



 << Logging of terminal I/O resumes >> 



 << Logging of terminal I/O resumes >> 



 << Logging of terminal I/O resumes >> 



 << Logging of terminal I/O resumes >> 



 << Logging of terminal I/O resumes >> 



 << Logging of terminal I/O resumes >> 



 << Logging of terminal I/O resumes >> 



 << Logging of terminal I/O resumes >> 



 << Logging of terminal I/O resumes >> 



 << Logging of terminal I/O resumes >> 



 << Logging of terminal I/O resumes >> 



 << Logging of terminal I/O resumes >> 



 << Logging of terminal I/O resumes >> 



 << Logging of terminal I/O resumes >> 



 << Logging of terminal I/O resumes >> 



 << Logging of terminal I/O resumes >> 



 << Logging of terminal I/O resumes >> 



 << Logging of terminal I/O resumes >> 



 << Logging of terminal I/O resumes >> 



 << Logging of terminal I/O resumes >> 



 << Logging of terminal I/O resumes >> 



 << Logging of terminal I/O resumes >> 



 << Logging of terminal I/O resumes >> 



 << Logging of terminal I/O resumes >> 



 << Logging of terminal I/O resumes >> 



 << Logging of terminal I/O resumes >> 



 << Logging of terminal I/O resumes >> 



 << Logging of terminal I/O resumes >> 



 << Logging of terminal I/O resumes >> 



 << Logging of terminal I/O resumes >> 



 << Logging of terminal I/O resumes >> 



 << Logging of terminal I/O resumes >> 



 << Logging of terminal I/O resumes >> 



 << Logging of terminal I/O resumes >> 



 << Logging of terminal I/O resumes >> 



 << Logging of terminal I/O resumes >> 



 << Logging of terminal I/O resumes >> 



 << Logging of terminal I/O resumes >> 



 << Logging of terminal I/O resumes >> 



 << Logging of terminal I/O resumes >> 



 << Logging of terminal I/O resumes >> 



 << Logging of terminal I/O resumes >> 



 << Logging of terminal I/O resumes >> 



 << Logging of terminal I/O resumes >> 



 << Logging of terminal I/O resumes >> 



 << Logging of terminal I/O resumes >> 



 << Logging of terminal I/O resumes >> 



 << Logging of terminal I/O resumes >> 



 << Logging of terminal I/O resumes >> 



 << Logging of terminal I/O resumes >> 



 << Logging of terminal I/O resumes >> 



 << Logging of terminal I/O resumes >> 



 << Logging of terminal I/O resumes >> 



 << Logging of terminal I/O resumes >> 



 << Logging of terminal I/O resumes >> 



 << Logging of terminal I/O resumes >> 



 << Logging of terminal I/O resumes >> 



 << Logging of terminal I/O resumes >> 



 << Logging of terminal I/O resumes >> 



 << Logging of terminal I/O resumes >> 



 << Logging of terminal I/O resumes >> 



 << Logging of terminal I/O resumes >> 



 << Logging of terminal I/O resumes >> 



 << Logging of terminal I/O resumes >> 



 << Logging of terminal I/O resumes >> 



 << Logging of terminal I/O resumes >> 



 << Logging of terminal I/O resumes >> 



 << Logging of terminal I/O resumes >> 



 << Logging of terminal I/O resumes >> 



 << Logging of terminal I/O resumes >> 



 << Logging of terminal I/O resumes >> 



 << Logging of terminal I/O resumes >> 



 << Logging of terminal I/O resumes >> 



 << Logging of terminal I/O resumes >> 



 << Logging of terminal I/O resumes >> 



 << Logging of terminal I/O resumes >> 



 << Logging of terminal I/O resumes >> 



 << Logging of terminal I/O resumes >> 



 << Logging of terminal I/O resumes >> 



 << Logging of terminal I/O resumes >> 



 << Debugger has been reset >> 



 << Logging of terminal I/O resumes >> 



 << Logging of terminal I/O resumes >> 



 << Debugger has been reset >> 



 << Logging of terminal I/O resumes >> 



 << Logging of terminal I/O resumes >> 



 << Logging of terminal I/O resumes >> 



 << Logging of terminal I/O resumes >> 



 << Logging of terminal I/O resumes >> 



 << Logging of terminal I/O resumes >> 



 << Logging of terminal I/O resumes >> 



 << Logging of terminal I/O resumes >> 



 << Debugger has been reset >> 



 << Logging of terminal I/O resumes >> 



 << Logging of terminal I/O resumes >> 



 << Logging of terminal I/O resumes >> 



 << Logging of terminal I/O resumes >> 



 << Logging of terminal I/O resumes >> 



 << Logging of terminal I/O resumes >> 



 << Logging of terminal I/O resumes >> 



 << Logging of terminal I/O resumes >> 



 << Logging of terminal I/O resumes >> 



 << Logging of terminal I/O resumes >> 



 << Logging of terminal I/O resumes >> 



 << Logging of terminal I/O resumes >> 



 << Logging of terminal I/O resumes >> 



 << Logging of terminal I/O resumes >> 



 << Logging of terminal I/O resumes >> 



 << Logging of terminal I/O resumes >> 



 << Logging of terminal I/O resumes >> 



 << Logging of terminal I/O resumes >> 



 << Logging of terminal I/O resumes >> 



 << Logging of terminal I/O resumes >> 



 << Logging of terminal I/O resumes >> 



 << Logging of terminal I/O resumes >> 



 << Logging of terminal I/O resumes >> 



 << Logging of terminal I/O resumes >> 



 << Logging of terminal I/O resumes >> 



 << Logging of terminal I/O resumes >> 



 << Logging of terminal I/O resumes >> 



 << Logging of terminal I/O resumes >> 



 << Logging of terminal I/O resumes >> 



 << Logging of terminal I/O resumes >> 



 << Logging of terminal I/O resumes >> 



 << Logging of terminal I/O resumes >> 



 << Logging of terminal I/O resumes >> 



 << Logging of terminal I/O resumes >> 



 << Logging of terminal I/O resumes >> 



 << Logging of terminal I/O resumes >> 



 << Logging of terminal I/O resumes >> 



 << Logging of terminal I/O resumes >> 



 << Logging of terminal I/O resumes >> 



 << Logging of terminal I/O resumes >> 



 << Debugger has been reset >> 



 << Logging of terminal I/O resumes >> 



 << Debugger has been reset >> 



 << Logging of terminal I/O resumes >> 



 << Logging of terminal I/O resumes >> 



 << Logging of terminal I/O resumes >> 



 << Logging of terminal I/O resumes >> 



 << Logging of terminal I/O resumes >> 



 << Logging of terminal I/O resumes >> 



 << Logging of terminal I/O resumes >> 



 << Logging of terminal I/O resumes >> 



 << Logging of terminal I/O resumes >> 



 << Logging of terminal I/O resumes >> 



 << Debugger has been reset >> 



 << Debugger has been reset >> 



 << Logging of terminal I/O resumes >> 



 << Logging of terminal I/O resumes >> 



 << Logging of terminal I/O resumes >> 



 << Logging of terminal I/O resumes >> 



 << Logging of terminal I/O resumes >> 



 << Logging of terminal I/O resumes >> 



 << Logging of terminal I/O resumes >> 



 << Logging of terminal I/O resumes >> 



 << Logging of terminal I/O resumes >> 



 << Logging of terminal I/O resumes >> 



 << Logging of terminal I/O resumes >> 



 << Logging of terminal I/O resumes >> 



 << Debugger has been reset >> 



 << Debugger has been reset >> 



 << Logging of terminal I/O resumes >> 



 << Logging of terminal I/O resumes >> 



 << Logging of terminal I/O resumes >> 



 << Logging of terminal I/O resumes >> 



 << Logging of terminal I/O resumes >> 



 << Logging of terminal I/O resumes >> 



 << Logging of terminal I/O resumes >> 



 << Logging of terminal I/O resumes >> 



 << Logging of terminal I/O resumes >> 



 << Logging of terminal I/O resumes >> 



 << Logging of terminal I/O resumes >> 



 << Logging of terminal I/O resumes >> 



 << Logging of terminal I/O resumes >> 



 << Logging of terminal I/O resumes >> 



 << Logging of terminal I/O resumes >> 



 << Logging of terminal I/O resumes >> 



 << Logging of terminal I/O resumes >> 



 << Logging of terminal I/O resumes >> 



 << Logging of terminal I/O resumes >> 



 << Logging of terminal I/O resumes >> 

